{"name": "Login into the TRST-admin with valid username and password", "status": "broken", "statusDetails": {"message": "selenium.common.exceptions.NoSuchElementException: Message: no such element: Unable to locate element: {\"method\":\"xpath\",\"selector\":\"//*[text()='User']\"}\n  (Session info: chrome=124.0.6367.91); For documentation on this error, please visit: https://www.selenium.dev/documentation/webdriver/troubleshooting/errors#no-such-element-exception\nStacktrace:\n\tGetHandleVerifier [0x00007FF6A09D1502+60802]\n\t(No symbol) [0x00007FF6A094AC02]\n\t(No symbol) [0x00007FF6A0807CE4]\n\t(No symbol) [0x00007FF6A0856D4D]\n\t(No symbol) [0x00007FF6A0856E1C]\n\t(No symbol) [0x00007FF6A089CE37]\n\t(No symbol) [0x00007FF6A087ABBF]\n\t(No symbol) [0x00007FF6A089A224]\n\t(No symbol) [0x00007FF6A087A923]\n\t(No symbol) [0x00007FF6A0848FEC]\n\t(No symbol) [0x00007FF6A0849C21]\n\tGetHandleVerifier [0x00007FF6A0CD411D+3217821]\n\tGetHandleVerifier [0x00007FF6A0D160B7+3488055]\n\tGetHandleVerifier [0x00007FF6A0D0F03F+3459263]\n\tGetHandleVerifier [0x00007FF6A0A8B846+823494]\n\t(No symbol) [0x00007FF6A0955F9F]\n\t(No symbol) [0x00007FF6A0950EC4]\n\t(No symbol) [0x00007FF6A0951052]\n\t(No symbol) [0x00007FF6A09418A4]\n\tBaseThreadInitThunk [0x00007FFCC752257D+29]\n\tRtlUserThreadStart [0x00007FFCC86EAA48+40]\n\n", "trace": "  File \"C:\\Users\\lnv0176\\PycharmProjects\\BehaveBDD\\venv\\Lib\\site-packages\\behave\\model.py\", line 1329, in run\n    match.run(runner.context)\n  File \"C:\\Users\\lnv0176\\PycharmProjects\\BehaveBDD\\venv\\Lib\\site-packages\\behave\\matchers.py\", line 98, in run\n    self.func(context, *args, **kwargs)\n  File \"Features\\steps\\trstLogin.py\", line 32, in step_impl\n    assert (context.driver.find_element(By.XPATH,\"//*[text()='User']\")\n            ^^^^^^^^^^^^^^^^^^^^^^^^^^^^^^^^^^^^^^^^^^^^^^^^^^^^^^^^^^\n  File \"C:\\Users\\lnv0176\\PycharmProjects\\BehaveBDD\\venv\\Lib\\site-packages\\selenium\\webdriver\\remote\\webdriver.py\", line 741, in find_element\n    return self.execute(Command.FIND_ELEMENT, {\"using\": by, \"value\": value})[\"value\"]\n           ^^^^^^^^^^^^^^^^^^^^^^^^^^^^^^^^^^^^^^^^^^^^^^^^^^^^^^^^^^^^^^^^^\n  File \"C:\\Users\\lnv0176\\PycharmProjects\\BehaveBDD\\venv\\Lib\\site-packages\\selenium\\webdriver\\remote\\webdriver.py\", line 347, in execute\n    self.error_handler.check_response(response)\n  File \"C:\\Users\\lnv0176\\PycharmProjects\\BehaveBDD\\venv\\Lib\\site-packages\\selenium\\webdriver\\remote\\errorhandler.py\", line 229, in check_response\n    raise exception_class(message, screen, stacktrace)\n"}, "steps": [{"name": "Given Launch the web URL and navigate to Login screen", "status": "passed", "start": 1714157268234, "stop": 1714157285891}, {"name": "When Enter username as \"super_admin\" and password as \"Super1@trst\"", "status": "passed", "start": 1714157285891, "stop": 1714157286034}, {"name": "And Click Sign In Button", "status": "passed", "start": 1714157286035, "stop": 1714157286096}, {"name": "Then Dashboard should display", "status": "broken", "statusDetails": {"message": "selenium.common.exceptions.NoSuchElementException: Message: no such element: Unable to locate element: {\"method\":\"xpath\",\"selector\":\"//*[text()='User']\"}\n  (Session info: chrome=124.0.6367.91); For documentation on this error, please visit: https://www.selenium.dev/documentation/webdriver/troubleshooting/errors#no-such-element-exception\nStacktrace:\n\tGetHandleVerifier [0x00007FF6A09D1502+60802]\n\t(No symbol) [0x00007FF6A094AC02]\n\t(No symbol) [0x00007FF6A0807CE4]\n\t(No symbol) [0x00007FF6A0856D4D]\n\t(No symbol) [0x00007FF6A0856E1C]\n\t(No symbol) [0x00007FF6A089CE37]\n\t(No symbol) [0x00007FF6A087ABBF]\n\t(No symbol) [0x00007FF6A089A224]\n\t(No symbol) [0x00007FF6A087A923]\n\t(No symbol) [0x00007FF6A0848FEC]\n\t(No symbol) [0x00007FF6A0849C21]\n\tGetHandleVerifier [0x00007FF6A0CD411D+3217821]\n\tGetHandleVerifier [0x00007FF6A0D160B7+3488055]\n\tGetHandleVerifier [0x00007FF6A0D0F03F+3459263]\n\tGetHandleVerifier [0x00007FF6A0A8B846+823494]\n\t(No symbol) [0x00007FF6A0955F9F]\n\t(No symbol) [0x00007FF6A0950EC4]\n\t(No symbol) [0x00007FF6A0951052]\n\t(No symbol) [0x00007FF6A09418A4]\n\tBaseThreadInitThunk [0x00007FFCC752257D+29]\n\tRtlUserThreadStart [0x00007FFCC86EAA48+40]\n\n", "trace": "  File \"C:\\Users\\lnv0176\\PycharmProjects\\BehaveBDD\\venv\\Lib\\site-packages\\behave\\model.py\", line 1329, in run\n    match.run(runner.context)\n  File \"C:\\Users\\lnv0176\\PycharmProjects\\BehaveBDD\\venv\\Lib\\site-packages\\behave\\matchers.py\", line 98, in run\n    self.func(context, *args, **kwargs)\n  File \"Features\\steps\\trstLogin.py\", line 32, in step_impl\n    assert (context.driver.find_element(By.XPATH,\"//*[text()='User']\")\n            ^^^^^^^^^^^^^^^^^^^^^^^^^^^^^^^^^^^^^^^^^^^^^^^^^^^^^^^^^^\n  File \"C:\\Users\\lnv0176\\PycharmProjects\\BehaveBDD\\venv\\Lib\\site-packages\\selenium\\webdriver\\remote\\webdriver.py\", line 741, in find_element\n    return self.execute(Command.FIND_ELEMENT, {\"using\": by, \"value\": value})[\"value\"]\n           ^^^^^^^^^^^^^^^^^^^^^^^^^^^^^^^^^^^^^^^^^^^^^^^^^^^^^^^^^^^^^^^^^\n  File \"C:\\Users\\lnv0176\\PycharmProjects\\BehaveBDD\\venv\\Lib\\site-packages\\selenium\\webdriver\\remote\\webdriver.py\", line 347, in execute\n    self.error_handler.check_response(response)\n  File \"C:\\Users\\lnv0176\\PycharmProjects\\BehaveBDD\\venv\\Lib\\site-packages\\selenium\\webdriver\\remote\\errorhandler.py\", line 229, in check_response\n    raise exception_class(message, screen, stacktrace)\n"}, "start": 1714157286096, "stop": 1714157286978}], "start": 1714157258758, "stop": 1714157289158, "uuid": "19026997-4aa4-420a-b995-7fcd340a4e42", "historyId": "34ba8ca33ac88e2d48f418f30bef894c", "fullName": "Login TRST admin application: Login into the TRST-admin with valid username and password", "labels": [{"name": "severity", "value": "normal"}, {"name": "tag", "value": "trst"}, {"name": "feature", "value": "Login TRST admin application"}, {"name": "framework", "value": "behave"}, {"name": "language", "value": "cpython3"}]}